<?xml version="1.0" encoding="UTF-8"?>
<!-- Generated by org.testng.reporters.JUnitReportReporter -->
<testsuite hostname="gargi-PC" name="com.sample.test.sample" tests="1" failures="0" timestamp="18 Apr 2015 14:46:23 GMT" time="37.527" errors="0">
  <testcase name="OpenGmail" time="37.527" classname="com.sample.test.sample"/>
</testsuite> <!-- com.sample.test.sample -->
