<?xml version="1.0" encoding="UTF-8"?>
<!-- Generated by org.testng.reporters.JUnitReportReporter -->
<testsuite hostname="gargi-PC" name="com.sample.test.Signin" tests="1" failures="0" timestamp="30 Apr 2015 16:30:50 GMT" time="67.131" errors="0">
  <testcase name="AddtoCart" time="67.131" classname="com.sample.test.Signin"/>
</testsuite> <!-- com.sample.test.Signin -->
